[22:06:37] [ServerMain/INFO]: Environment: authHost='https://authserver.mojang.com', accountsHost='https://api.mojang.com', sessionHost='https://sessionserver.mojang.com', servicesHost='https://api.minecraftservices.com', name='PROD'
[22:06:39] [ServerMain/INFO]: Loaded 7 recipes
[22:06:40] [Server thread/INFO]: Starting minecraft server version 1.20.1
[22:06:40] [Server thread/INFO]: Loading properties
[22:06:40] [Server thread/INFO]: This server is running Paper version git-Paper-196 (MC: 1.20.1) (Implementing API version 1.20.1-R0.1-SNAPSHOT) (Git: 773dd72)
[22:06:40] [Server thread/INFO]: Server Ping Player Sample Count: 12
[22:06:40] [Server thread/INFO]: Using 4 threads for Netty based IO
[22:06:40] [Server thread/WARN]: [!] The timings profiler has been enabled but has been scheduled for removal from Paper in the future.
    We recommend installing the spark profiler as a replacement: https://spark.lucko.me/
    For more information please visit: https://github.com/PaperMC/Paper/issues/8948
[22:06:40] [Server thread/INFO]: [ChunkTaskScheduler] Chunk system is using 1 I/O threads, 1 worker threads, and gen parallelism of 1 threads
[22:06:41] [Server thread/INFO]: Default game type: SURVIVAL
[22:06:41] [Server thread/INFO]: Generating keypair
[22:06:41] [Server thread/INFO]: Starting Minecraft server on *:25565
[22:06:41] [Server thread/INFO]: Using epoll channel type
[22:06:41] [Server thread/INFO]: Paper: Using libdeflate (Linux x86_64) compression from Velocity.
[22:06:41] [Server thread/INFO]: Paper: Using OpenSSL 1.1.x (Linux x86_64) cipher from Velocity.
[22:06:41] [Server thread/INFO]: [ViaVersion] Loading server plugin ViaVersion v5.3.2
[22:06:41] [Server thread/INFO]: [ViaVersion] ViaVersion 5.3.2 is now loaded. Registering protocol transformers and injecting...
[22:06:42] [Via-Mappingloader-0/INFO]: [ViaVersion] Loading block connection mappings ...
[22:06:42] [Via-Mappingloader-0/INFO]: [ViaVersion] Using FastUtil Long2ObjectOpenHashMap for block connections
[22:06:42] [Server thread/INFO]: [ViaBackwards] Loading translations...
[22:06:42] [Server thread/INFO]: [ViaBackwards] Registering protocols...
[22:06:43] [Server thread/INFO]: [ViaRewind] Registering protocols...
[22:06:43] [Server thread/ERROR]: [ViaVersion] Error initializing plugin 'ViaVersion-5.3.2.jar' in folder 'plugins' (Is it up to date?)
java.lang.NoSuchMethodError: 'com.viaversion.viaversion.api.minecraft.entities.EntityTypes1_8$ObjectType com.viaversion.viaversion.api.minecraft.entities.EntityTypes1_8$ObjectType.findById(int)'
	at com.viaversion.viarewind.protocol.v1_8to1_7_6_10.rewriter.EntityPacketRewriter1_8$3.register(EntityPacketRewriter1_8.java:144) ~[ViaRewind-4.0.4.jar:?]
	at com.viaversion.viaversion.api.protocol.remapper.PacketHandlers.<init>(PacketHandlers.java:38) ~[ViaVersion-5.3.2.jar:?]
	at com.viaversion.viarewind.protocol.v1_8to1_7_6_10.rewriter.EntityPacketRewriter1_8$3.<init>(EntityPacketRewriter1_8.java:130) ~[ViaRewind-4.0.4.jar:?]
	at com.viaversion.viarewind.protocol.v1_8to1_7_6_10.rewriter.EntityPacketRewriter1_8.registerPackets(EntityPacketRewriter1_8.java:130) ~[ViaRewind-4.0.4.jar:?]
	at com.viaversion.viaversion.api.rewriter.RewriterBase.register(RewriterBase.java:36) ~[ViaVersion-5.3.2.jar:?]
	at com.viaversion.viarewind.protocol.v1_8to1_7_6_10.Protocol1_8To1_7_6_10.registerPackets(Protocol1_8To1_7_6_10.java:62) ~[ViaRewind-4.0.4.jar:?]
	at com.viaversion.viaversion.api.protocol.AbstractProtocol.initialize(AbstractProtocol.java:106) ~[ViaVersion-5.3.2.jar:?]
	at com.viaversion.viaversion.protocol.ProtocolManagerImpl.registerProtocol(ProtocolManagerImpl.java:213) ~[ViaVersion-5.3.2.jar:?]
	at com.viaversion.viaversion.protocol.ProtocolManagerImpl.registerProtocol(ProtocolManagerImpl.java:207) ~[ViaVersion-5.3.2.jar:?]
	at com.viaversion.viarewind.api.ViaRewindPlatform.init(ViaRewindPlatform.java:55) ~[ViaRewind-4.0.4.jar:?]
	at com.viaversion.viarewind.BukkitPlugin.lambda$new$0(BukkitPlugin.java:29) ~[ViaRewind-4.0.4.jar:?]
	at com.viaversion.viaversion.ViaManagerImpl.init(ViaManagerImpl.java:115) ~[ViaVersion-5.3.2.jar:?]
	at com.viaversion.viaversion.ViaVersionPlugin.onLoad(ViaVersionPlugin.java:87) ~[ViaVersion-5.3.2.jar:?]
	at io.papermc.paper.plugin.storage.ServerPluginProviderStorage.processProvided(ServerPluginProviderStorage.java:59) ~[paper-1.20.1.jar:git-Paper-196]
	at io.papermc.paper.plugin.storage.ServerPluginProviderStorage.processProvided(ServerPluginProviderStorage.java:18) ~[paper-1.20.1.jar:git-Paper-196]
	at io.papermc.paper.plugin.storage.SimpleProviderStorage.enter(SimpleProviderStorage.java:40) ~[paper-1.20.1.jar:git-Paper-196]
	at io.papermc.paper.plugin.entrypoint.LaunchEntryPointHandler.enter(LaunchEntryPointHandler.java:36) ~[paper-1.20.1.jar:git-Paper-196]
	at org.bukkit.craftbukkit.v1_20_R1.CraftServer.loadPlugins(CraftServer.java:510) ~[paper-1.20.1.jar:git-Paper-196]
	at net.minecraft.server.dedicated.DedicatedServer.initServer(DedicatedServer.java:273) ~[paper-1.20.1.jar:git-Paper-196]
	at net.minecraft.server.MinecraftServer.runServer(MinecraftServer.java:1100) ~[paper-1.20.1.jar:git-Paper-196]
	at net.minecraft.server.MinecraftServer.lambda$spin$0(MinecraftServer.java:317) ~[paper-1.20.1.jar:git-Paper-196]
	at java.lang.Thread.run(Thread.java:840) ~[?:?]
[22:06:43] [Server thread/INFO]: [ViaBackwards] Loading server plugin ViaBackwards v5.3.2
[22:06:43] [Server thread/INFO]: [floodgate] Loading server plugin floodgate v2.2.4-SNAPSHOT (b116-0e3163c)
[22:06:43] [Server thread/WARN]: [floodgate] en_ is not a supported Floodgate language.
[22:06:43] [Server thread/INFO]: [floodgate] Took 523ms to boot Floodgate
[22:06:43] [Server thread/INFO]: [ViaRewind] Loading server plugin ViaRewind v4.0.4
[22:06:43] [Server thread/INFO]: [SkinsRestorer] Loading server plugin SkinsRestorer v15.6.2
[22:06:43] [Server thread/INFO]: [Geyser-Spigot] Loading server plugin Geyser-Spigot v2.7.0-SNAPSHOT
[22:06:44] [Server thread/INFO]: [Geyser-Spigot] Loading extensions...
[22:06:44] [Server thread/INFO]: [Geyser-Spigot] Loaded 0 extension(s)
[22:06:44] [Server thread/INFO]: Server permissions file permissions.yml is empty, ignoring it
[22:06:44] [Server thread/INFO]: [ViaRewind] Enabling ViaRewind v4.0.4
[22:06:44] [Server thread/INFO]: [SkinsRestorer] Enabling SkinsRestorer v15.6.2
[22:06:44] [Server thread/WARN]: [SkinsRestorer] You must agree to the rules at 'commands.perSkinPermissionsConsent' in the config to use per skin permissions.
[22:06:44] [Server thread/INFO]: [SkinsRestorer] Running on Minecraft 1.20.1.
[22:06:44] [Server thread/INFO]: [SkinsRestorer] Floodgate skin listener registered
[22:06:45] [Server thread/INFO]: [SkinsRestorer] Using paper join listener!
[22:06:45] [Server thread/WARN]: [SkinsRestorer] Please update your Java runtime to at least Java 21 (your version is 17).
[22:06:45] [Server thread/WARN]: [SkinsRestorer] At some point in the future, SkinsRestorer will no longer be compatible with this version of Java.
[22:06:45] [Server thread/WARN]: **** SERVER IS RUNNING IN OFFLINE/INSECURE MODE!
[22:06:45] [Server thread/WARN]: The server will make no attempt to authenticate usernames. Beware.
[22:06:45] [Server thread/WARN]: While this makes the game possible to play without internet access, it also opens up the ability for hackers to connect with any username they choose.
[22:06:45] [Server thread/WARN]: To change this, set "online-mode" to "true" in the server.properties file.
[22:06:45] [Server thread/INFO]: Preparing level "world"
[22:06:45] [Folia Async Scheduler Thread #1/INFO]: [SkinsRestorer] ----------------------------------------------
[22:06:45] [Folia Async Scheduler Thread #1/INFO]: [SkinsRestorer]     +==================+
[22:06:45] [Folia Async Scheduler Thread #1/INFO]: [SkinsRestorer]     |   SkinsRestorer  |
[22:06:45] [Folia Async Scheduler Thread #1/INFO]: [SkinsRestorer]     |------------------|
[22:06:45] [Folia Async Scheduler Thread #1/INFO]: [SkinsRestorer]     |  Standalone Mode |
[22:06:45] [Folia Async Scheduler Thread #1/INFO]: [SkinsRestorer]     +==================+
[22:06:45] [Folia Async Scheduler Thread #1/INFO]: [SkinsRestorer] ----------------------------------------------
[22:06:45] [Folia Async Scheduler Thread #1/INFO]: [SkinsRestorer]     Version: 15.6.2
[22:06:45] [Folia Async Scheduler Thread #1/INFO]: [SkinsRestorer]     Commit: 7bda5de
[22:06:45] [Folia Async Scheduler Thread #1/INFO]: [SkinsRestorer]     This is the latest version!
[22:06:45] [Folia Async Scheduler Thread #1/INFO]: [SkinsRestorer] ----------------------------------------------
[22:06:45] [Folia Async Scheduler Thread #1/INFO]: [SkinsRestorer] Do you have issues? Read our troubleshooting guide: https://skinsrestorer.net/docs/troubleshooting
[22:06:45] [Folia Async Scheduler Thread #1/INFO]: [SkinsRestorer] Want to support SkinsRestorer? Consider donating: https://skinsrestorer.net/donate
[22:06:45] [Server thread/INFO]: Preparing start region for dimension minecraft:overworld
[22:06:45] [Server thread/INFO]: Time elapsed: 215 ms
[22:06:45] [Server thread/INFO]: Preparing start region for dimension minecraft:the_nether
[22:06:45] [Server thread/INFO]: Time elapsed: 64 ms
[22:06:45] [Server thread/INFO]: Preparing start region for dimension minecraft:the_end
[22:06:45] [Server thread/INFO]: Time elapsed: 63 ms
[22:06:45] [Server thread/INFO]: [ViaVersion] Enabling ViaVersion v5.3.2
[22:06:45] [Server thread/INFO]: [ViaVersion] ViaVersion detected server version: 1.20-1.20.1 (763)
[22:06:45] [Server thread/WARN]: [ViaVersion] Please update your Java runtime to at least Java 21 (your version is 17.0.14).
[22:06:45] [Server thread/WARN]: [ViaVersion] At some point in the future, ViaVersion will no longer be compatible with this version of Java.
[22:06:45] [Server thread/INFO]: [ViaBackwards] Enabling ViaBackwards v5.3.2
[22:06:46] [Server thread/INFO]: [floodgate] Enabling floodgate v2.2.4-SNAPSHOT (b116-0e3163c)
[22:06:46] [Server thread/INFO]: [Geyser-Spigot] Enabling Geyser-Spigot v2.7.0-SNAPSHOT
[22:06:47] [Server thread/INFO]: [Geyser-Spigot] ******************************************
[22:06:47] [Server thread/INFO]: [Geyser-Spigot] 
[22:06:47] [Server thread/INFO]: [Geyser-Spigot] Loading Geyser version 2.7.0-b812 (git-master-efd4dcc)
[22:06:47] [Server thread/INFO]: [Geyser-Spigot] 
[22:06:47] [Server thread/INFO]: [Geyser-Spigot] ******************************************
[22:06:54] [epollEventLoopGroup-3-1/INFO]: [Geyser-Spigot] Started Geyser on UDP port 12059
[22:06:54] [Server thread/INFO]: [Geyser-Spigot] Done (6.953s)! Run /geyser help for help!
[22:06:54] [Server thread/INFO]: Running delayed init tasks
[22:06:54] [Craft Scheduler Thread - 2 - ViaVersion/INFO]: [ViaVersion] Finished mapping loading, shutting down loader executor.
[22:06:54] [Server thread/INFO]: Done (14.264s)! For help, type "help"
[22:06:54] [Server thread/INFO]: Timings Reset
[22:17:16] [User Authenticator #0/INFO]: UUID of player GasparL08 is 2ee415be-1225-336c-8146-42879e14c37f
[22:17:16] [Server thread/INFO]: GasparL08 joined the game
[22:17:16] [Server thread/INFO]: GasparL08[/[0:0:0:0:0:0:0:1%0]:51892] logged in with entity id 341 at ([world]106.5, 74.0, 102.5)
[22:20:26] [Server thread/INFO]: GasparL08 has made the advancement [Sweet Dreams]
[22:20:28] [Server thread/INFO]: [Not Secure] [Server] hola
[22:20:44] [Server thread/INFO]: --------- Help: Index ---------------------------
[22:20:44] [Server thread/INFO]: Use /help [n] to get page n of help.
[22:20:44] [Server thread/INFO]: Aliases: Lists command aliases
[22:20:44] [Server thread/INFO]: Bukkit: All commands for Bukkit
[22:20:44] [Server thread/INFO]: floodgate: All commands for floodgate
[22:20:44] [Server thread/INFO]: Geyser-Spigot: All commands for Geyser-Spigot
[22:20:44] [Server thread/INFO]: Minecraft: All commands for Minecraft
[22:20:44] [Server thread/INFO]: SkinsRestorer: All commands for SkinsRestorer
[22:20:44] [Server thread/INFO]: ViaVersion: All commands for ViaVersion
[22:20:44] [Server thread/INFO]: /advancement: A Mojang provided command.
[22:20:44] [Server thread/INFO]: /attribute: A Mojang provided command.
[22:20:44] [Server thread/INFO]: /ban: A Mojang provided command.
[22:20:44] [Server thread/INFO]: /ban-ip: A Mojang provided command.
[22:20:44] [Server thread/INFO]: /banlist: A Mojang provided command.
[22:20:44] [Server thread/INFO]: /bossbar: A Mojang provided command.
[22:20:44] [Server thread/INFO]: /callback: ClickEvent callback
[22:20:44] [Server thread/INFO]: /clear: A Mojang provided command.
[22:20:44] [Server thread/INFO]: /clone: A Mojang provided command.
[22:20:44] [Server thread/INFO]: /damage: A Mojang provided command.
[22:20:44] [Server thread/INFO]: /data: A Mojang provided command.
[22:20:44] [Server thread/INFO]: /datapack: A Mojang provided command.
[22:20:44] [Server thread/INFO]: /debug: A Mojang provided command.
[22:20:44] [Server thread/INFO]: /defaultgamemode: A Mojang provided command.
[22:20:44] [Server thread/INFO]: /deop: A Mojang provided command.
[22:20:44] [Server thread/INFO]: /difficulty: A Mojang provided command.
[22:20:44] [Server thread/INFO]: /effect: A Mojang provided command.
[22:20:44] [Server thread/INFO]: /enchant: A Mojang provided command.
[22:20:44] [Server thread/INFO]: /execute: A Mojang provided command.
[22:20:44] [Server thread/INFO]: /experience: A Mojang provided command.
[22:20:44] [Server thread/INFO]: /fill: A Mojang provided command.
[22:20:44] [Server thread/INFO]: /fillbiome: A Mojang provided command.
[22:20:44] [Server thread/INFO]: /floodgate: A set of Floodgate related actions in one command
[22:20:44] [Server thread/INFO]: /forceload: A Mojang provided command.
[22:20:44] [Server thread/INFO]: /function: A Mojang provided command.
[22:20:44] [Server thread/INFO]: /fwhitelist: Easy way to whitelist Bedrock players
[22:20:44] [Server thread/INFO]: /gamemode: A Mojang provided command.
[22:20:44] [Server thread/INFO]: /gamerule: A Mojang provided command.
[22:20:44] [Server thread/INFO]: /geyser: Shows help for all registered commands.
[22:20:44] [Server thread/INFO]: /give: A Mojang provided command.
[22:20:44] [Server thread/INFO]: /help: Shows the help menu
[22:20:44] [Server thread/INFO]: /item: A Mojang provided command.
[22:20:44] [Server thread/INFO]: /jfr: A Mojang provided command.
[22:20:44] [Server thread/INFO]: /kick: A Mojang provided command.
[22:20:44] [Server thread/INFO]: /kill: A Mojang provided command.
[22:20:44] [Server thread/INFO]: /linkaccount: Link your Java account with your Bedrock account
[22:20:44] [Server thread/INFO]: /list: A Mojang provided command.
[22:20:44] [Server thread/INFO]: /locate: A Mojang provided command.
[22:20:44] [Server thread/INFO]: /loot: A Mojang provided command.
[22:20:44] [Server thread/INFO]: /me: A Mojang provided command.
[22:20:44] [Server thread/INFO]: /minecraft:help: A Mojang provided command.
[22:20:44] [Server thread/INFO]: /minecraft:reload: A Mojang provided command.
[22:20:44] [Server thread/INFO]: /msg: A Mojang provided command.
[22:20:44] [Server thread/INFO]: /mspt: View server tick times
[22:20:44] [Server thread/INFO]: /op: A Mojang provided command.
[22:20:44] [Server thread/INFO]: /paper: Paper related commands
[22:20:44] [Server thread/INFO]: /pardon: A Mojang provided command.
[22:20:44] [Server thread/INFO]: /pardon-ip: A Mojang provided command.
[22:20:44] [Server thread/INFO]: /particle: A Mojang provided command.
[22:20:44] [Server thread/INFO]: /perf: A Mojang provided command.
[22:20:44] [Server thread/INFO]: /place: A Mojang provided command.
[22:20:44] [Server thread/INFO]: /playsound: A Mojang provided command.
[22:20:44] [Server thread/INFO]: /plugins: Gets a list of plugins running on the server
[22:20:44] [Server thread/INFO]: /recipe: A Mojang provided command.
[22:20:44] [Server thread/INFO]: /reload: Reloads the server configuration and plugins
[22:20:44] [Server thread/INFO]: /restart: Restarts the server
[22:20:44] [Server thread/INFO]: /return: A Mojang provided command.
[22:20:44] [Server thread/INFO]: /ride: A Mojang provided command.
[22:20:44] [Server thread/INFO]: /save-all: A Mojang provided command.
[22:20:44] [Server thread/INFO]: /save-off: A Mojang provided command.
[22:20:44] [Server thread/INFO]: /save-on: A Mojang provided command.
[22:20:44] [Server thread/INFO]: /say: A Mojang provided command.
[22:20:44] [Server thread/INFO]: /schedule: A Mojang provided command.
[22:20:44] [Server thread/INFO]: /scoreboard: A Mojang provided command.
[22:20:44] [Server thread/INFO]: /seed: A Mojang provided command.
[22:20:44] [Server thread/INFO]: /setblock: A Mojang provided command.
[22:20:44] [Server thread/INFO]: /setidletimeout: A Mojang provided command.
[22:20:44] [Server thread/INFO]: /setworldspawn: A Mojang provided command.
[22:20:44] [Server thread/INFO]: /skin: Changes your own skin.
[22:20:44] [Server thread/INFO]: /skins: Opens the skins GUI.
[22:20:44] [Server thread/INFO]: /skull: Gives you a skull.
[22:20:44] [Server thread/INFO]: /spawnpoint: A Mojang provided command.
[22:20:44] [Server thread/INFO]: /spectate: A Mojang provided command.
[22:20:44] [Server thread/INFO]: /spigot: Spigot related commands
[22:20:44] [Server thread/INFO]: /spreadplayers: A Mojang provided command.
[22:20:44] [Server thread/INFO]: /sr: Admin commands for SkinsRestorer.
[22:20:44] [Server thread/INFO]: /stop: A Mojang provided command.
[22:20:44] [Server thread/INFO]: /stopsound: A Mojang provided command.
[22:20:44] [Server thread/INFO]: /summon: A Mojang provided command.
[22:20:44] [Server thread/INFO]: /tag: A Mojang provided command.
[22:20:44] [Server thread/INFO]: /team: A Mojang provided command.
[22:20:44] [Server thread/INFO]: /teammsg: A Mojang provided command.
[22:20:44] [Server thread/INFO]: /teleport: A Mojang provided command.
[22:20:44] [Server thread/INFO]: /tell: A Mojang provided command.
[22:20:44] [Server thread/INFO]: /tellraw: A Mojang provided command.
[22:20:44] [Server thread/INFO]: /time: A Mojang provided command.
[22:20:44] [Server thread/INFO]: /timings: Manages Spigot Timings data to see performance of the server.
[22:20:44] [Server thread/INFO]: /title: A Mojang provided command.
[22:20:44] [Server thread/INFO]: /tm: A Mojang provided command.
[22:20:44] [Server thread/INFO]: /tp: A Mojang provided command.
[22:20:44] [Server thread/INFO]: /tps: Gets the current ticks per second for the server
[22:20:44] [Server thread/INFO]: /trigger: A Mojang provided command.
[22:20:44] [Server thread/INFO]: /unlinkaccount: Unlink your Java account from your Bedrock account
[22:20:44] [Server thread/INFO]: /version: Gets the version of this server including any plugins in use
[22:20:44] [Server thread/INFO]: /viaversion: Shows ViaVersion Version and more.
[22:20:44] [Server thread/INFO]: /w: A Mojang provided command.
[22:20:44] [Server thread/INFO]: /weather: A Mojang provided command.
[22:20:44] [Server thread/INFO]: /whitelist: A Mojang provided command.
[22:20:44] [Server thread/INFO]: /worldborder: A Mojang provided command.
[22:20:44] [Server thread/INFO]: /xp: A Mojang provided command.
[22:20:57] [Server thread/INFO]: [Not Secure] [Server] hola
[22:21:50] [Server thread/INFO]: [Not Secure] [Server] soy yo bruno te hablo directo de la consola del servidor en un rato me uno
[22:22:03] [Async Chat Thread - #1/INFO]: [Not Secure] <GasparL08> Ahhhhh sos vos
[22:22:11] [Async Chat Thread - #0/INFO]: [Not Secure] <GasparL08> No veía otro jugador
[22:22:20] [Server thread/INFO]: [Not Secure] [Server] jajajaja se asusto todo
[22:22:25] [Async Chat Thread - #1/INFO]: [Not Secure] <GasparL08> Pensé que era un mensaje automático
[22:22:38] [Server thread/INFO]: [Not Secure] [Server] xddd
[22:22:47] [Server thread/INFO]: GasparL08 has made the advancement [Stone Age]
[22:24:47] [Server thread/INFO]: GasparL08 has made the advancement [Getting an Upgrade]
